<?xml version="1.0" encoding="UTF-8"?>
<!-- Generated by org.testng.reporters.JUnitXMLReporter -->
<testsuite ignored="2" hostname="BOM-5CG1085LY2" failures="0" tests="3" name="Default test" time="1.483" errors="0" timestamp="2023-11-30T11:24:38 IST">
  <testcase classname="com.amazon.Hawk.TestSuites.DbTestSuite" name="findDuplicates" time="0.181"/>
  <testcase classname="com.amazon.Hawk.TestSuites.DbTestSuite" name="findMaxPriceProduct" time="0.015"/>
  <testcase classname="com.amazon.Hawk.TestSuites.DbTestSuite" name="verifyMostSoldProduct" time="0.019"/>
  <testcase classname="com.amazon.Hawk.TestSuites.DbTestSuite" name="createTables" time="0.0">
    <ignored/>
  </testcase> <!-- createTables -->
  <testcase classname="com.amazon.Hawk.TestSuites.DbTestSuite" name="insertData" time="0.0">
    <ignored/>
  </testcase> <!-- insertData -->
</testsuite> <!-- Default test -->
