<?xml version="1.0" encoding="UTF-8"?>
<!-- Generated by org.testng.reporters.JUnitXMLReporter -->
<testsuite ignored="2" hostname="BOM-5CG1085LY2" failures="0" tests="2" name="Default test" time="61.14" errors="0" timestamp="2023-12-03T01:05:08 IST">
  <testcase classname="com.amazon.Hawk.TestSuites.LoginTestSuite" name="login_with_correct_credentials" time="25.124"/>
  <testcase classname="com.amazon.Hawk.TestSuites.LoginTestSuite" name="login_with_correct_credentials" time="35.926"/>
  <testcase classname="com.amazon.Hawk.TestSuites.LoginTestSuite" name="login_with_incorrect_password" time="0.0">
    <ignored/>
  </testcase> <!-- login_with_incorrect_password -->
  <testcase classname="com.amazon.Hawk.TestSuites.LoginTestSuite" name="login_with_incorrect_email" time="0.0">
    <ignored/>
  </testcase> <!-- login_with_incorrect_email -->
</testsuite> <!-- Default test -->
