<?xml version="1.0" encoding="UTF-8"?>
<!-- Generated by org.testng.reporters.JUnitXMLReporter -->
<testsuite ignored="2" hostname="BOM-5CG1085LY2" failures="0" tests="1" name="Default test(failed)(failed)" time="28.046" errors="0" timestamp="2023-11-19T03:11:56 IST">
  <testcase classname="com.amazon.Hawk.TestSuites.BuyTestSuite" name="cancelProductAndVerify" time="28.012"/>
  <testcase classname="com.amazon.Hawk.TestSuites.BuyTestSuite" name="addToCartAndVerify" time="0.0">
    <ignored/>
  </testcase> <!-- addToCartAndVerify -->
  <testcase classname="com.amazon.Hawk.TestSuites.BuyTestSuite" name="buyProductAndVerify" time="0.0">
    <ignored/>
  </testcase> <!-- buyProductAndVerify -->
</testsuite> <!-- Default test(failed)(failed) -->
