<?xml version="1.0" encoding="UTF-8"?>
<testng-results ignored="2" total="4" passed="2" failed="0" skipped="0">
  <reporter-output>
    <line>
      <![CDATA[<br><img src='C:\Users\gowthrj\eclipse-workspace\Hawk\src\test\resources\Screenshots\login_with_correct_credentials1701545666970.png' height='300' width='400'/><br>]]>
    </line>
    <line>
      <![CDATA[<br><img src='C:\Users\gowthrj\eclipse-workspace\Hawk\src\test\resources\Screenshots\login_with_correct_credentials1701545704823.png' height='300' width='400'/><br>]]>
    </line>
  </reporter-output>
  <suite started-at="2023-12-03T01:04:07 IST" name="Default suite" finished-at="2023-12-03T01:05:08 IST" duration-ms="61140">
    <groups>
    </groups>
    <test started-at="2023-12-03T01:04:07 IST" name="Default test" finished-at="2023-12-03T01:05:08 IST" duration-ms="61140">
      <class name="com.amazon.Hawk.TestSuites.LoginTestSuite">
        <test-method signature="login_with_correct_credentials(java.lang.String,java.lang.String,java.lang.String,java.lang.String)[pri:0, instance:com.amazon.Hawk.TestSuites.LoginTestSuite@5876a9af]" started-at="2023-12-03T01:04:07 IST" name="login_with_correct_credentials" data-provider="getValidCredentials" finished-at="2023-12-03T01:04:32 IST" duration-ms="25124" status="PASS">
          <params>
            <param index="0">
              <value>
                <![CDATA[gowthrj+gamma-sim@amazon.com]]>
              </value>
            </param>
            <param index="1">
              <value>
                <![CDATA[qwerty]]>
              </value>
            </param>
            <param index="2">
              <value>
                <![CDATA[Gowtham Vanilla]]>
              </value>
            </param>
            <param index="3">
              <value>
                <![CDATA[chrome]]>
              </value>
            </param>
          </params>
          <reporter-output>
            <line>
              <![CDATA[<br><img src='C:\Users\gowthrj\eclipse-workspace\Hawk\src\test\resources\Screenshots\login_with_correct_credentials1701545666970.png' height='300' width='400'/><br>]]>
            </line>
          </reporter-output>
        </test-method> <!-- login_with_correct_credentials -->
        <test-method signature="login_with_correct_credentials(java.lang.String,java.lang.String,java.lang.String,java.lang.String)[pri:0, instance:com.amazon.Hawk.TestSuites.LoginTestSuite@5876a9af]" started-at="2023-12-03T01:04:32 IST" name="login_with_correct_credentials" data-provider="getValidCredentials" finished-at="2023-12-03T01:05:08 IST" duration-ms="35926" status="PASS">
          <params>
            <param index="0">
              <value>
                <![CDATA[gowthrj+gamma-sim@amazon.com]]>
              </value>
            </param>
            <param index="1">
              <value>
                <![CDATA[qwerty]]>
              </value>
            </param>
            <param index="2">
              <value>
                <![CDATA[Gowtham Vanilla]]>
              </value>
            </param>
            <param index="3">
              <value>
                <![CDATA[firefox]]>
              </value>
            </param>
          </params>
          <reporter-output>
            <line>
              <![CDATA[<br><img src='C:\Users\gowthrj\eclipse-workspace\Hawk\src\test\resources\Screenshots\login_with_correct_credentials1701545704823.png' height='300' width='400'/><br>]]>
            </line>
          </reporter-output>
        </test-method> <!-- login_with_correct_credentials -->
      </class> <!-- com.amazon.Hawk.TestSuites.LoginTestSuite -->
    </test> <!-- Default test -->
  </suite> <!-- Default suite -->
</testng-results>
